<?xml version="1.0" encoding="UTF-8"?>
<!-- Generated by org.testng.reporters.JUnitReportReporter -->
<testsuite hostname="Sowmmyas-MacBook-Air.local" failures="0" tests="1" name="MAVENGID.Gitexample.GitTesting" time="0.013" errors="0" timestamp="10 Sep 2021 03:22:53 GMT">
  <testcase classname="MAVENGID.Gitexample.GitTesting" name="sample" time="0.013"/>
</testsuite>
